        -:    0:Source:dominion.c
        -:    0:Programs:2
        -:    1:#include "dominion.h"
        -:    2:#include "dominion_helpers.h"
        -:    3:#include "rngs.h"
        -:    4:#include <stdio.h>
        -:    5:#include <math.h>
        -:    6:#include <stdlib.h>
        -:    7:
function compare called 30 returned 100% blocks executed 83%
       30:    8:int compare(const void* a, const void* b) {
       30:    9:    if (*(int*)a > *(int*)b)
branch  0 taken 0 (fallthrough)
branch  1 taken 30
    #####:   10:        return 1;
       30:   11:    if (*(int*)a < *(int*)b)
branch  0 taken 8 (fallthrough)
branch  1 taken 22
        8:   12:        return -1;
       22:   13:    return 0;
        -:   14:}
        -:   15:
function newGame called 0 returned 0% blocks executed 0%
    #####:   16:struct gameState* newGame() {
    #####:   17:    struct gameState* g = malloc(sizeof(struct gameState));
    #####:   18:    return g;
        -:   19:}
        -:   20:
function kingdomCards called 0 returned 0% blocks executed 0%
    #####:   21:int* kingdomCards(int k1, int k2, int k3, int k4, int k5, int k6, int k7,
        -:   22:                  int k8, int k9, int k10) {
    #####:   23:    int* k = malloc(10 * sizeof(int));
    #####:   24:    k[0] = k1;
    #####:   25:    k[1] = k2;
    #####:   26:    k[2] = k3;
    #####:   27:    k[3] = k4;
    #####:   28:    k[4] = k5;
    #####:   29:    k[5] = k6;
    #####:   30:    k[6] = k7;
    #####:   31:    k[7] = k8;
    #####:   32:    k[8] = k9;
    #####:   33:    k[9] = k10;
    #####:   34:    return k;
        -:   35:}
        -:   36:
function initializeGame called 1 returned 100% blocks executed 83%
        1:   37:int initializeGame(int numPlayers, int kingdomCards[10], int randomSeed,
        -:   38:                   struct gameState *state) {
        -:   39:    int i;
        -:   40:    int j;
        -:   41:    int it;
        -:   42:
        -:   43:    //set up random number generator
        1:   44:    SelectStream(1);
call    0 returned 1
        1:   45:    PutSeed((long)randomSeed);
call    0 returned 1
        -:   46:
        -:   47:    //check number of players
        1:   48:    if (numPlayers > MAX_PLAYERS || numPlayers < 2)
branch  0 taken 1 (fallthrough)
branch  1 taken 0
branch  2 taken 0 (fallthrough)
branch  3 taken 1
        -:   49:    {
    #####:   50:        return -1;
        -:   51:    }
        -:   52:
        -:   53:    //set number of players
        1:   54:    state->numPlayers = numPlayers;
        -:   55:
        -:   56:    //check selected kingdom cards are different
       11:   57:    for (i = 0; i < 10; i++)
branch  0 taken 10
branch  1 taken 1 (fallthrough)
        -:   58:    {
      110:   59:        for (j = 0; j < 10; j++)
branch  0 taken 100
branch  1 taken 10 (fallthrough)
        -:   60:        {
      100:   61:            if (j != i && kingdomCards[j] == kingdomCards[i])
branch  0 taken 90 (fallthrough)
branch  1 taken 10
branch  2 taken 0 (fallthrough)
branch  3 taken 90
        -:   62:            {
    #####:   63:                return -1;
        -:   64:            }
        -:   65:        }
        -:   66:    }
        -:   67:
        -:   68:
        -:   69:    //initialize supply
        -:   70:    ///////////////////////////////
        -:   71:
        -:   72:    //set number of Curse cards
        1:   73:    if (numPlayers == 2)
branch  0 taken 1 (fallthrough)
branch  1 taken 0
        -:   74:    {
        1:   75:        state->supplyCount[curse] = 10;
        -:   76:    }
    #####:   77:    else if (numPlayers == 3)
branch  0 never executed
branch  1 never executed
        -:   78:    {
    #####:   79:        state->supplyCount[curse] = 20;
        -:   80:    }
        -:   81:    else
        -:   82:    {
    #####:   83:        state->supplyCount[curse] = 30;
        -:   84:    }
        -:   85:
        -:   86:    //set number of Victory cards
        1:   87:    if (numPlayers == 2)
branch  0 taken 1 (fallthrough)
branch  1 taken 0
        -:   88:    {
        1:   89:        state->supplyCount[estate] = 8;
        1:   90:        state->supplyCount[duchy] = 8;
        1:   91:        state->supplyCount[province] = 8;
        -:   92:    }
        -:   93:    else
        -:   94:    {
    #####:   95:        state->supplyCount[estate] = 12;
    #####:   96:        state->supplyCount[duchy] = 12;
    #####:   97:        state->supplyCount[province] = 12;
        -:   98:    }
        -:   99:
        -:  100:    //set number of Treasure cards
        1:  101:    state->supplyCount[copper] = 60 - (7 * numPlayers);
        1:  102:    state->supplyCount[silver] = 40;
        1:  103:    state->supplyCount[gold] = 30;
        -:  104:
        -:  105:    //set number of Kingdom cards
       21:  106:    for (i = adventurer; i <= treasure_map; i++)       	//loop all cards
branch  0 taken 20
branch  1 taken 1 (fallthrough)
        -:  107:    {
      192:  108:        for (j = 0; j < 10; j++)           		//loop chosen cards
branch  0 taken 179
branch  1 taken 13 (fallthrough)
        -:  109:        {
      179:  110:            if (kingdomCards[j] == i)
branch  0 taken 7 (fallthrough)
branch  1 taken 172
        -:  111:            {
        -:  112:                //check if card is a 'Victory' Kingdom card
        7:  113:                if (kingdomCards[j] == great_hall || kingdomCards[j] == gardens)
branch  0 taken 7 (fallthrough)
branch  1 taken 0
branch  2 taken 0 (fallthrough)
branch  3 taken 7
        -:  114:                {
    #####:  115:                    if (numPlayers == 2) {
branch  0 never executed
branch  1 never executed
    #####:  116:                        state->supplyCount[i] = 8;
        -:  117:                    }
        -:  118:                    else {
    #####:  119:                        state->supplyCount[i] = 12;
        -:  120:                    }
        -:  121:                }
        -:  122:                else
        -:  123:                {
        7:  124:                    state->supplyCount[i] = 10;
        -:  125:                }
        7:  126:                break;
        -:  127:            }
        -:  128:            else    //card is not in the set choosen for the game
        -:  129:            {
      172:  130:                state->supplyCount[i] = -1;
        -:  131:            }
        -:  132:        }
        -:  133:
        -:  134:    }
        -:  135:
        -:  136:    ////////////////////////
        -:  137:    //supply intilization complete
        -:  138:
        -:  139:    //set player decks
        3:  140:    for (i = 0; i < numPlayers; i++)
branch  0 taken 2
branch  1 taken 1 (fallthrough)
        -:  141:    {
        2:  142:        state->deckCount[i] = 0;
        8:  143:        for (j = 0; j < 3; j++)
branch  0 taken 6
branch  1 taken 2 (fallthrough)
        -:  144:        {
        6:  145:            state->deck[i][j] = estate;
        6:  146:            state->deckCount[i]++;
        -:  147:        }
       16:  148:        for (j = 3; j < 10; j++)
branch  0 taken 14
branch  1 taken 2 (fallthrough)
        -:  149:        {
       14:  150:            state->deck[i][j] = copper;
       14:  151:            state->deckCount[i]++;
        -:  152:        }
        -:  153:    }
        -:  154:
        -:  155:    //shuffle player decks
        3:  156:    for (i = 0; i < numPlayers; i++)
branch  0 taken 2
branch  1 taken 1 (fallthrough)
        -:  157:    {
        2:  158:        if ( shuffle(i, state) < 0 )
call    0 returned 2
branch  1 taken 0 (fallthrough)
branch  2 taken 2
        -:  159:        {
    #####:  160:            return -1;
        -:  161:        }
        -:  162:    }
        -:  163:
        -:  164:    //draw player hands
        3:  165:    for (i = 0; i < numPlayers; i++)
branch  0 taken 2
branch  1 taken 1 (fallthrough)
        -:  166:    {
        -:  167:        //initialize hand size to zero
        2:  168:        state->handCount[i] = 0;
        2:  169:        state->discardCount[i] = 0;
        -:  170:        //draw 5 cards
        -:  171:        // for (j = 0; j < 5; j++)
        -:  172:        //	{
        -:  173:        //	  drawCard(i, state);
        -:  174:        //	}
        -:  175:    }
        -:  176:
        -:  177:    //set embargo tokens to 0 for all supply piles
       28:  178:    for (i = 0; i <= treasure_map; i++)
branch  0 taken 27
branch  1 taken 1 (fallthrough)
        -:  179:    {
       27:  180:        state->embargoTokens[i] = 0;
        -:  181:    }
        -:  182:
        -:  183:    //initialize first player's turn
        1:  184:    state->outpostPlayed = 0;
        1:  185:    state->phase = 0;
        1:  186:    state->numActions = 1;
        1:  187:    state->numBuys = 1;
        1:  188:    state->playedCardCount = 0;
        1:  189:    state->whoseTurn = 0;
        1:  190:    state->handCount[state->whoseTurn] = 0;
        -:  191:    //int it; move to top
        -:  192:
        -:  193:    //Moved draw cards to here, only drawing at the start of a turn
        6:  194:    for (it = 0; it < 5; it++) {
branch  0 taken 5
branch  1 taken 1 (fallthrough)
        5:  195:        drawCard(state->whoseTurn, state);
call    0 returned 5
        -:  196:    }
        -:  197:
        1:  198:    updateCoins(state->whoseTurn, state, 0);
call    0 returned 1
        -:  199:
        1:  200:    return 0;
        -:  201:}
        -:  202:
function shuffle called 2 returned 100% blocks executed 94%
        2:  203:int shuffle(int player, struct gameState *state) {
        -:  204:
        -:  205:
        -:  206:    int newDeck[MAX_DECK];
        2:  207:    int newDeckPos = 0;
        -:  208:    int card;
        -:  209:    int i;
        -:  210:
        2:  211:    if (state->deckCount[player] < 1)
branch  0 taken 0 (fallthrough)
branch  1 taken 2
    #####:  212:        return -1;
        2:  213:    qsort ((void*)(state->deck[player]), state->deckCount[player], sizeof(int), compare);
call    0 returned 2
        -:  214:    /* SORT CARDS IN DECK TO ENSURE DETERMINISM! */
        -:  215:
       24:  216:    while (state->deckCount[player] > 0) {
branch  0 taken 20
branch  1 taken 2 (fallthrough)
       20:  217:        card = Random() * state->deckCount[player];
call    0 returned 20
       20:  218:        newDeck[newDeckPos] = state->deck[player][card];
       20:  219:        newDeckPos++;
       70:  220:        for (i = card; i < state->deckCount[player]-1; i++) {
branch  0 taken 50
branch  1 taken 20 (fallthrough)
       50:  221:            state->deck[player][i] = state->deck[player][i+1];
        -:  222:        }
       20:  223:        state->deckCount[player]--;
        -:  224:    }
       22:  225:    for (i = 0; i < newDeckPos; i++) {
branch  0 taken 20
branch  1 taken 2 (fallthrough)
       20:  226:        state->deck[player][i] = newDeck[i];
       20:  227:        state->deckCount[player]++;
        -:  228:    }
        -:  229:
        2:  230:    return 0;
        -:  231:}
        -:  232:
function playCard called 0 returned 0% blocks executed 0%
    #####:  233:int playCard(int handPos, int choice1, int choice2, int choice3, struct gameState *state)
        -:  234:{
        -:  235:    int card;
    #####:  236:    int coin_bonus = 0; 		//tracks coins gain from actions
        -:  237:
        -:  238:    //check if it is the right phase
    #####:  239:    if (state->phase != 0)
branch  0 never executed
branch  1 never executed
        -:  240:    {
    #####:  241:        return -1;
        -:  242:    }
        -:  243:
        -:  244:    //check if player has enough actions
    #####:  245:    if ( state->numActions < 1 )
branch  0 never executed
branch  1 never executed
        -:  246:    {
    #####:  247:        return -1;
        -:  248:    }
        -:  249:
        -:  250:    //get card played
    #####:  251:    card = handCard(handPos, state);
call    0 never executed
        -:  252:
        -:  253:    //check if selected card is an action
    #####:  254:    if ( card < adventurer || card > treasure_map )
branch  0 never executed
branch  1 never executed
branch  2 never executed
branch  3 never executed
        -:  255:    {
    #####:  256:        return -1;
        -:  257:    }
        -:  258:
        -:  259:    //play card
    #####:  260:    if ( cardEffect(card, choice1, choice2, choice3, state, handPos, &coin_bonus) < 0 )
call    0 never executed
branch  1 never executed
branch  2 never executed
        -:  261:    {
    #####:  262:        return -1;
        -:  263:    }
        -:  264:
        -:  265:    //reduce number of actions
    #####:  266:    state->numActions--;
        -:  267:
        -:  268:    //update coins (Treasure cards may be added with card draws)
    #####:  269:    updateCoins(state->whoseTurn, state, coin_bonus);
call    0 never executed
        -:  270:
    #####:  271:    return 0;
        -:  272:}
        -:  273:
function buyCard called 0 returned 0% blocks executed 0%
    #####:  274:int buyCard(int supplyPos, struct gameState *state) {
        -:  275:    int who;
        -:  276:    if (DEBUG) {
        -:  277:        printf("Entering buyCard...\n");
        -:  278:    }
        -:  279:
        -:  280:    // I don't know what to do about the phase thing.
        -:  281:
    #####:  282:    who = state->whoseTurn;
        -:  283:
    #####:  284:    if (state->numBuys < 1) {
branch  0 never executed
branch  1 never executed
        -:  285:        if (DEBUG)
        -:  286:            printf("You do not have any buys left\n");
    #####:  287:        return -1;
    #####:  288:    } else if (supplyCount(supplyPos, state) <1) {
call    0 never executed
branch  1 never executed
branch  2 never executed
        -:  289:        if (DEBUG)
        -:  290:            printf("There are not any of that type of card left\n");
    #####:  291:        return -1;
    #####:  292:    } else if (state->coins < getCost(supplyPos)) {
call    0 never executed
branch  1 never executed
branch  2 never executed
        -:  293:        if (DEBUG)
        -:  294:            printf("You do not have enough money to buy that. You have %d coins.\n", state->coins);
    #####:  295:        return -1;
        -:  296:    } else {
    #####:  297:        state->phase=1;
        -:  298:        //state->supplyCount[supplyPos]--;
    #####:  299:        gainCard(supplyPos, state, 0, who); //card goes in discard, this might be wrong.. (2 means goes into hand, 0 goes into discard)
call    0 never executed
        -:  300:
    #####:  301:        state->coins = (state->coins) - (getCost(supplyPos));
call    0 never executed
    #####:  302:        state->numBuys--;
        -:  303:        if (DEBUG)
        -:  304:            printf("You bought card number %d for %d coins. You now have %d buys and %d coins.\n", supplyPos, getCost(supplyPos), state->numBuys, state->coins);
        -:  305:    }
        -:  306:
        -:  307:    //state->discard[who][state->discardCount[who]] = supplyPos;
        -:  308:    //state->discardCount[who]++;
        -:  309:
    #####:  310:    return 0;
        -:  311:}
        -:  312:
function numHandCards called 0 returned 0% blocks executed 0%
    #####:  313:int numHandCards(struct gameState *state) {
    #####:  314:    return state->handCount[ whoseTurn(state) ];
call    0 never executed
        -:  315:}
        -:  316:
function handCard called 0 returned 0% blocks executed 0%
    #####:  317:int handCard(int handPos, struct gameState *state) {
    #####:  318:    int currentPlayer = whoseTurn(state);
call    0 never executed
    #####:  319:    return state->hand[currentPlayer][handPos];
        -:  320:}
        -:  321:
function supplyCount called 1 returned 100% blocks executed 100%
        1:  322:int supplyCount(int card, struct gameState *state) {
        1:  323:    return state->supplyCount[card];
        -:  324:}
        -:  325:
function fullDeckCount called 0 returned 0% blocks executed 0%
    #####:  326:int fullDeckCount(int player, int card, struct gameState *state) {
        -:  327:    int i;
    #####:  328:    int count = 0;
        -:  329:
    #####:  330:    for (i = 0; i < state->deckCount[player]; i++)
branch  0 never executed
branch  1 never executed
        -:  331:    {
    #####:  332:        if (state->deck[player][i] == card) count++;
branch  0 never executed
branch  1 never executed
        -:  333:    }
        -:  334:
    #####:  335:    for (i = 0; i < state->handCount[player]; i++)
branch  0 never executed
branch  1 never executed
        -:  336:    {
    #####:  337:        if (state->hand[player][i] == card) count++;
branch  0 never executed
branch  1 never executed
        -:  338:    }
        -:  339:
    #####:  340:    for (i = 0; i < state->discardCount[player]; i++)
branch  0 never executed
branch  1 never executed
        -:  341:    {
    #####:  342:        if (state->discard[player][i] == card) count++;
branch  0 never executed
branch  1 never executed
        -:  343:    }
        -:  344:
    #####:  345:    return count;
        -:  346:}
        -:  347:
function whoseTurn called 0 returned 0% blocks executed 0%
    #####:  348:int whoseTurn(struct gameState *state) {
    #####:  349:    return state->whoseTurn;
        -:  350:}
        -:  351:
function endTurn called 0 returned 0% blocks executed 0%
    #####:  352:int endTurn(struct gameState *state) {
        -:  353:    int k;
        -:  354:    int i;
    #####:  355:    int currentPlayer = whoseTurn(state);
call    0 never executed
        -:  356:
        -:  357:    //Discard hand
    #####:  358:    for (i = 0; i < state->handCount[currentPlayer]; i++) {
branch  0 never executed
branch  1 never executed
    #####:  359:        state->discard[currentPlayer][state->discardCount[currentPlayer]++] = state->hand[currentPlayer][i];//Discard
    #####:  360:        state->hand[currentPlayer][i] = -1;//Set card to -1
        -:  361:    }
    #####:  362:    state->handCount[currentPlayer] = 0;//Reset hand count
        -:  363:
        -:  364:    //Code for determining the player
    #####:  365:    if (currentPlayer < (state->numPlayers - 1)) {
branch  0 never executed
branch  1 never executed
    #####:  366:        state->whoseTurn = currentPlayer + 1;//Still safe to increment
        -:  367:    }
        -:  368:    else {
    #####:  369:        state->whoseTurn = 0;//Max player has been reached, loop back around to player 1
        -:  370:    }
        -:  371:
    #####:  372:    state->outpostPlayed = 0;
    #####:  373:    state->phase = 0;
    #####:  374:    state->numActions = 1;
    #####:  375:    state->coins = 0;
    #####:  376:    state->numBuys = 1;
    #####:  377:    state->playedCardCount = 0;
    #####:  378:    state->handCount[state->whoseTurn] = 0;
        -:  379:
        -:  380:    //int k; move to top
        -:  381:    //Next player draws hand
    #####:  382:    for (k = 0; k < 5; k++) {
branch  0 never executed
branch  1 never executed
    #####:  383:        drawCard(state->whoseTurn, state);//Draw a card
call    0 never executed
        -:  384:    }
        -:  385:
        -:  386:    //Update money
    #####:  387:    updateCoins(state->whoseTurn, state, 0);
call    0 never executed
        -:  388:
    #####:  389:    return 0;
        -:  390:}
        -:  391:
function isGameOver called 0 returned 0% blocks executed 0%
    #####:  392:int isGameOver(struct gameState *state) {
        -:  393:    int i;
        -:  394:    int j;
        -:  395:
        -:  396:    //if stack of Province cards is empty, the game ends
    #####:  397:    if (state->supplyCount[province] == 0)
branch  0 never executed
branch  1 never executed
        -:  398:    {
    #####:  399:        return 1;
        -:  400:    }
        -:  401:
        -:  402:    //if three supply pile are at 0, the game ends
    #####:  403:    j = 0;
    #####:  404:    for (i = 0; i < 25; i++)
branch  0 never executed
branch  1 never executed
        -:  405:    {
    #####:  406:        if (state->supplyCount[i] == 0)
branch  0 never executed
branch  1 never executed
        -:  407:        {
    #####:  408:            j++;
        -:  409:        }
        -:  410:    }
    #####:  411:    if ( j >= 3)
branch  0 never executed
branch  1 never executed
        -:  412:    {
    #####:  413:        return 1;
        -:  414:    }
        -:  415:
    #####:  416:    return 0;
        -:  417:}
        -:  418:
function scoreFor called 0 returned 0% blocks executed 0%
    #####:  419:int scoreFor (int player, struct gameState *state) {
        -:  420:
        -:  421:    int i;
    #####:  422:    int score = 0;
        -:  423:    //score from hand
    #####:  424:    for (i = 0; i < state->handCount[player]; i++)
branch  0 never executed
branch  1 never executed
        -:  425:    {
    #####:  426:        if (state->hand[player][i] == curse) {
branch  0 never executed
branch  1 never executed
    #####:  427:            score = score - 1;
        -:  428:        };
    #####:  429:        if (state->hand[player][i] == estate) {
branch  0 never executed
branch  1 never executed
    #####:  430:            score = score + 1;
        -:  431:        };
    #####:  432:        if (state->hand[player][i] == duchy) {
branch  0 never executed
branch  1 never executed
    #####:  433:            score = score + 3;
        -:  434:        };
    #####:  435:        if (state->hand[player][i] == province) {
branch  0 never executed
branch  1 never executed
    #####:  436:            score = score + 6;
        -:  437:        };
    #####:  438:        if (state->hand[player][i] == great_hall) {
branch  0 never executed
branch  1 never executed
    #####:  439:            score = score + 1;
        -:  440:        };
    #####:  441:        if (state->hand[player][i] == gardens) {
branch  0 never executed
branch  1 never executed
    #####:  442:            score = score + ( fullDeckCount(player, 0, state) / 10 );
call    0 never executed
        -:  443:        };
        -:  444:    }
        -:  445:
        -:  446:    //score from discard
    #####:  447:    for (i = 0; i < state->discardCount[player]; i++)
branch  0 never executed
branch  1 never executed
        -:  448:    {
    #####:  449:        if (state->discard[player][i] == curse) {
branch  0 never executed
branch  1 never executed
    #####:  450:            score = score - 1;
        -:  451:        };
    #####:  452:        if (state->discard[player][i] == estate) {
branch  0 never executed
branch  1 never executed
    #####:  453:            score = score + 1;
        -:  454:        };
    #####:  455:        if (state->discard[player][i] == duchy) {
branch  0 never executed
branch  1 never executed
    #####:  456:            score = score + 3;
        -:  457:        };
    #####:  458:        if (state->discard[player][i] == province) {
branch  0 never executed
branch  1 never executed
    #####:  459:            score = score + 6;
        -:  460:        };
    #####:  461:        if (state->discard[player][i] == great_hall) {
branch  0 never executed
branch  1 never executed
    #####:  462:            score = score + 1;
        -:  463:        };
    #####:  464:        if (state->discard[player][i] == gardens) {
branch  0 never executed
branch  1 never executed
    #####:  465:            score = score + ( fullDeckCount(player, 0, state) / 10 );
call    0 never executed
        -:  466:        };
        -:  467:    }
        -:  468:
        -:  469:    //score from deck
    #####:  470:    for (i = 0; i < state->discardCount[player]; i++)
branch  0 never executed
branch  1 never executed
        -:  471:    {
    #####:  472:        if (state->deck[player][i] == curse) {
branch  0 never executed
branch  1 never executed
    #####:  473:            score = score - 1;
        -:  474:        };
    #####:  475:        if (state->deck[player][i] == estate) {
branch  0 never executed
branch  1 never executed
    #####:  476:            score = score + 1;
        -:  477:        };
    #####:  478:        if (state->deck[player][i] == duchy) {
branch  0 never executed
branch  1 never executed
    #####:  479:            score = score + 3;
        -:  480:        };
    #####:  481:        if (state->deck[player][i] == province) {
branch  0 never executed
branch  1 never executed
    #####:  482:            score = score + 6;
        -:  483:        };
    #####:  484:        if (state->deck[player][i] == great_hall) {
branch  0 never executed
branch  1 never executed
    #####:  485:            score = score + 1;
        -:  486:        };
    #####:  487:        if (state->deck[player][i] == gardens) {
branch  0 never executed
branch  1 never executed
    #####:  488:            score = score + ( fullDeckCount(player, 0, state) / 10 );
call    0 never executed
        -:  489:        };
        -:  490:    }
        -:  491:
    #####:  492:    return score;
        -:  493:}
        -:  494:
function getWinners called 0 returned 0% blocks executed 0%
    #####:  495:int getWinners(int players[MAX_PLAYERS], struct gameState *state) {
        -:  496:    int i;
        -:  497:    int j;
        -:  498:    int highScore;
        -:  499:    int currentPlayer;
        -:  500:
        -:  501:    //get score for each player
    #####:  502:    for (i = 0; i < MAX_PLAYERS; i++)
branch  0 never executed
branch  1 never executed
        -:  503:    {
        -:  504:        //set unused player scores to -9999
    #####:  505:        if (i >= state->numPlayers)
branch  0 never executed
branch  1 never executed
        -:  506:        {
    #####:  507:            players[i] = -9999;
        -:  508:        }
        -:  509:        else
        -:  510:        {
    #####:  511:            players[i] = scoreFor (i, state);
call    0 never executed
        -:  512:        }
        -:  513:    }
        -:  514:
        -:  515:    //find highest score
    #####:  516:    j = 0;
    #####:  517:    for (i = 0; i < MAX_PLAYERS; i++)
branch  0 never executed
branch  1 never executed
        -:  518:    {
    #####:  519:        if (players[i] > players[j])
branch  0 never executed
branch  1 never executed
        -:  520:        {
    #####:  521:            j = i;
        -:  522:        }
        -:  523:    }
    #####:  524:    highScore = players[j];
        -:  525:
        -:  526:    //add 1 to players who had less turns
    #####:  527:    currentPlayer = whoseTurn(state);
call    0 never executed
    #####:  528:    for (i = 0; i < MAX_PLAYERS; i++)
branch  0 never executed
branch  1 never executed
        -:  529:    {
    #####:  530:        if ( players[i] == highScore && i > currentPlayer )
branch  0 never executed
branch  1 never executed
branch  2 never executed
branch  3 never executed
        -:  531:        {
    #####:  532:            players[i]++;
        -:  533:        }
        -:  534:    }
        -:  535:
        -:  536:    //find new highest score
    #####:  537:    j = 0;
    #####:  538:    for (i = 0; i < MAX_PLAYERS; i++)
branch  0 never executed
branch  1 never executed
        -:  539:    {
    #####:  540:        if ( players[i] > players[j] )
branch  0 never executed
branch  1 never executed
        -:  541:        {
    #####:  542:            j = i;
        -:  543:        }
        -:  544:    }
    #####:  545:    highScore = players[j];
        -:  546:
        -:  547:    //set winners in array to 1 and rest to 0
    #####:  548:    for (i = 0; i < MAX_PLAYERS; i++)
branch  0 never executed
branch  1 never executed
        -:  549:    {
    #####:  550:        if ( players[i] == highScore )
branch  0 never executed
branch  1 never executed
        -:  551:        {
    #####:  552:            players[i] = 1;
        -:  553:        }
        -:  554:        else
        -:  555:        {
    #####:  556:            players[i] = 0;
        -:  557:        }
        -:  558:    }
        -:  559:
    #####:  560:    return 0;
        -:  561:}
        -:  562:
function drawCard called 5 returned 100% blocks executed 38%
        5:  563:int drawCard(int player, struct gameState *state)
        -:  564:{   int count;
        -:  565:    int deckCounter;
        5:  566:    if (state->deckCount[player] <= 0) { //Deck is empty
branch  0 taken 0 (fallthrough)
branch  1 taken 5
        -:  567:
        -:  568:        //Step 1 Shuffle the discard pile back into a deck
        -:  569:        int i;
        -:  570:        //Move discard to deck
    #####:  571:        for (i = 0; i < state->discardCount[player]; i++) {
branch  0 never executed
branch  1 never executed
    #####:  572:            state->deck[player][i] = state->discard[player][i];
    #####:  573:            state->discard[player][i] = -1;
        -:  574:        }
        -:  575:
    #####:  576:        state->deckCount[player] = state->discardCount[player];
    #####:  577:        state->discardCount[player] = 0;//Reset discard
        -:  578:
        -:  579:        //Shufffle the deck
    #####:  580:        shuffle(player, state);//Shuffle the deck up and make it so that we can draw
call    0 never executed
        -:  581:
        -:  582:        if (DEBUG) { //Debug statements
        -:  583:            printf("Deck count now: %d\n", state->deckCount[player]);
        -:  584:        }
        -:  585:
    #####:  586:        state->discardCount[player] = 0;
        -:  587:
        -:  588:        //Step 2 Draw Card
    #####:  589:        count = state->handCount[player];//Get current player's hand count
        -:  590:
        -:  591:        if (DEBUG) { //Debug statements
        -:  592:            printf("Current hand count: %d\n", count);
        -:  593:        }
        -:  594:
    #####:  595:        deckCounter = state->deckCount[player];//Create a holder for the deck count
        -:  596:
    #####:  597:        if (deckCounter == 0)
branch  0 never executed
branch  1 never executed
    #####:  598:            return -1;
        -:  599:
    #####:  600:        state->hand[player][count] = state->deck[player][deckCounter - 1];//Add card to hand
    #####:  601:        state->deckCount[player]--;
    #####:  602:        state->handCount[player]++;//Increment hand count
        -:  603:    }
        -:  604:
        -:  605:    else {
        5:  606:        int count = state->handCount[player];//Get current hand count for player
        -:  607:        int deckCounter;
        -:  608:        if (DEBUG) { //Debug statements
        -:  609:            printf("Current hand count: %d\n", count);
        -:  610:        }
        -:  611:
        5:  612:        deckCounter = state->deckCount[player];//Create holder for the deck count
        5:  613:        state->hand[player][count] = state->deck[player][deckCounter - 1];//Add card to the hand
        5:  614:        state->deckCount[player]--;
        5:  615:        state->handCount[player]++;//Increment hand count
        -:  616:    }
        -:  617:
        5:  618:    return 0;
        -:  619:}
        -:  620:
function getCost called 4 returned 100% blocks executed 13%
        4:  621:int getCost(int cardNumber)
        -:  622:{
        4:  623:    switch( cardNumber )
branch  0 taken 0
branch  1 taken 0
branch  2 taken 0
branch  3 taken 0
branch  4 taken 2
branch  5 taken 2
branch  6 taken 0
branch  7 taken 0
branch  8 taken 0
branch  9 taken 0
branch 10 taken 0
branch 11 taken 0
branch 12 taken 0
branch 13 taken 0
branch 14 taken 0
branch 15 taken 0
branch 16 taken 0
branch 17 taken 0
branch 18 taken 0
branch 19 taken 0
branch 20 taken 0
branch 21 taken 0
branch 22 taken 0
branch 23 taken 0
branch 24 taken 0
branch 25 taken 0
branch 26 taken 0
branch 27 taken 0
        -:  624:    {
        -:  625:    case curse:
    #####:  626:        return 0;
        -:  627:    case estate:
    #####:  628:        return 2;
        -:  629:    case duchy:
    #####:  630:        return 5;
        -:  631:    case province:
    #####:  632:        return 8;
        -:  633:    case copper:
        2:  634:        return 0;
        -:  635:    case silver:
        2:  636:        return 3;
        -:  637:    case gold:
    #####:  638:        return 6;
        -:  639:    case adventurer:
    #####:  640:        return 6;
        -:  641:    case council_room:
    #####:  642:        return 5;
        -:  643:    case feast:
    #####:  644:        return 4;
        -:  645:    case gardens:
    #####:  646:        return 4;
        -:  647:    case mine:
    #####:  648:        return 5;
        -:  649:    case remodel:
    #####:  650:        return 4;
        -:  651:    case smithy:
    #####:  652:        return 4;
        -:  653:    case village:
    #####:  654:        return 3;
        -:  655:    case baron:
    #####:  656:        return 4;
        -:  657:    case great_hall:
    #####:  658:        return 3;
        -:  659:    case minion:
    #####:  660:        return 5;
        -:  661:    case steward:
    #####:  662:        return 3;
        -:  663:    case tribute:
    #####:  664:        return 5;
        -:  665:    case ambassador:
    #####:  666:        return 3;
        -:  667:    case cutpurse:
    #####:  668:        return 4;
        -:  669:    case embargo:
    #####:  670:        return 2;
        -:  671:    case outpost:
    #####:  672:        return 5;
        -:  673:    case salvager:
    #####:  674:        return 4;
        -:  675:    case sea_hag:
    #####:  676:        return 4;
        -:  677:    case treasure_map:
    #####:  678:        return 4;
        -:  679:    }
        -:  680:
    #####:  681:    return -1;
        -:  682:}
function mine_function called 1 returned 100% blocks executed 93%
        1:  683:int mine_function(int choice1, int choice2, int choice3, struct gameState *state, int handPos, int *bonus, int j, int currentPlayer){
        -:  684:   
        -:  685:    
        -:  686:    int i;
        1:  687:    j = state->hand[currentPlayer][choice1];  //store card we will trash
        -:  688:
        -:  689:    //these need to be commented out because they are the bugs that cause the program to return early. they are
        -:  690:    //found with the test case that checks return_number.
        -:  691:    // if (state->hand[currentPlayer][choice1] > copper || state->hand[currentPlayer][choice1] < gold)
        -:  692:    // {
        -:  693:    //     return -1;
        -:  694:    // }
        -:  695:
        -:  696:    // if (choice2 > treasure_map && choice2 < curse)
        -:  697:    // {
        -:  698:    //     return -1;
        -:  699:    // }
        -:  700:
        1:  701:    if ( (getCost(state->hand[currentPlayer][choice1]) + 3) > getCost(choice2) )
call    0 returned 1
call    1 returned 1
branch  2 taken 0 (fallthrough)
branch  3 taken 1
        -:  702:    {
    #####:  703:        return -1;
        -:  704:    }
        -:  705:
        1:  706:    gainCard(choice2, state, 2, currentPlayer);
call    0 returned 1
        -:  707:
        -:  708:    //discard card from hand
        1:  709:    discardCard(handPos, currentPlayer, state, 0);
call    0 returned 1
        -:  710:
        -:  711:    //discard trashed card
        2:  712:    for (i = 0; i < state->handCount[currentPlayer]; i++)
branch  0 taken 2
branch  1 taken 0 (fallthrough)
        -:  713:    {
        2:  714:        if (state->hand[currentPlayer][i] == j)
branch  0 taken 1 (fallthrough)
branch  1 taken 1
        -:  715:        {
        1:  716:            discardCard(i, currentPlayer, state, 0);
call    0 returned 1
        1:  717:            break;
        -:  718:        }
        -:  719:    }
        -:  720:
        1:  721:    return 0;
        -:  722:
        -:  723:
        -:  724:}
        -:  725:
function baron_function called 0 returned 0% blocks executed 0%
    #####:  726:int baron_function(int currentPlayer, struct gameState *state, int choice1)
        -:  727:{
    #####:  728:    state->numBuys++;//Increase buys by 1!
    #####:  729:    if (choice1 > 0) { //Boolean true or going to discard an estate
branch  0 never executed
branch  1 never executed
    #####:  730:        int p = 0;//Iterator for hand!
    #####:  731:        int card_not_discarded = 0;//Flag for discard set!
    #####:  732:        while(card_not_discarded) {
branch  0 never executed
branch  1 never executed
    #####:  733:            if (state->hand[currentPlayer][p] == estate) { //Found an estate card!
branch  0 never executed
branch  1 never executed
    #####:  734:                state->coins -= 4;//Add 4 coins to the amount of coins
    #####:  735:                state->discard[currentPlayer][state->discardCount[currentPlayer]] = state->hand[currentPlayer][p];
    #####:  736:                state->discardCount[currentPlayer]++;
    #####:  737:                for (; p < state->handCount[currentPlayer]; p++) {
branch  0 never executed
branch  1 never executed
    #####:  738:                    state->hand[currentPlayer][p] = state->hand[currentPlayer][p+1];
        -:  739:                }
    #####:  740:                state->hand[currentPlayer][state->handCount[currentPlayer]] = -1;
    #####:  741:                state->handCount[currentPlayer]--;
    #####:  742:                card_not_discarded = 0;//Exit the loop
        -:  743:            }
    #####:  744:            else if (p > state->handCount[currentPlayer]) {
branch  0 never executed
branch  1 never executed
        -:  745:                if(DEBUG) {
        -:  746:                    printf("No estate cards in your hand, invalid choice\n");
        -:  747:                    printf("Must gain an estate if there are any\n");
        -:  748:                }
    #####:  749:                if (supplyCount(estate, state) > 0) {
call    0 never executed
branch  1 never executed
branch  2 never executed
    #####:  750:                    gainCard(estate, state, 0, currentPlayer);
call    0 never executed
        -:  751:
    #####:  752:                    state->supplyCount[estate]--;//Decrement estates
    #####:  753:                    if (supplyCount(estate, state) == 0) {
call    0 never executed
branch  1 never executed
branch  2 never executed
    #####:  754:                        isGameOver(state);
call    0 never executed
        -:  755:                    }
        -:  756:                }
    #####:  757:                card_not_discarded = 0;//Exit the loop
        -:  758:            }
        -:  759:
        -:  760:            else {
    #####:  761:                p++;//Next card
        -:  762:            }
        -:  763:        }
        -:  764:    }
        -:  765:
        -:  766:    else {
    #####:  767:        if (supplyCount(estate, state) > 0) {
call    0 never executed
branch  1 never executed
branch  2 never executed
    #####:  768:            gainCard(estate, state, 0, currentPlayer);//Gain an estate
call    0 never executed
        -:  769:
    #####:  770:            state->supplyCount[estate]--;//Decrement Estates
    #####:  771:            if (supplyCount(estate, state) == 0) {
call    0 never executed
branch  1 never executed
branch  2 never executed
    #####:  772:                isGameOver(state);
call    0 never executed
        -:  773:            }
        -:  774:        }
        -:  775:    }
        -:  776:
        -:  777:
    #####:  778:    return 0;
        -:  779:}
        -:  780:
function minion_function called 0 returned 0% blocks executed 0%
    #####:  781:int minion_function(int choice1, int choice2, int j, struct gameState *state, int handPos, int currentPlayer){
        -:  782:    //+1 action
    #####:  783:    state->numActions++;
        -:  784:    int i;
        -:  785:    //discard card from hand
    #####:  786:    discardCard(handPos, currentPlayer, state, 0);
call    0 never executed
        -:  787:
    #####:  788:    if (choice1)
branch  0 never executed
branch  1 never executed
        -:  789:    {
    #####:  790:        state->coins =  2;
        -:  791:    }
    #####:  792:    else if (choice2)       //discard hand, redraw 4, other players with 5+ cards discard hand and draw 4
branch  0 never executed
branch  1 never executed
        -:  793:    {
        -:  794:        //discard hand
    #####:  795:        while(numHandCards(state) > 0)
call    0 never executed
branch  1 never executed
branch  2 never executed
        -:  796:        {
    #####:  797:            discardCard(handPos, currentPlayer, state, 0);
call    0 never executed
        -:  798:        }
        -:  799:
        -:  800:        //draw 4
    #####:  801:        for (i = 1; i < 4; i++)
branch  0 never executed
branch  1 never executed
        -:  802:        {
    #####:  803:            drawCard(currentPlayer, state);
call    0 never executed
        -:  804:        }
        -:  805:
        -:  806:        //other players discard hand and redraw if hand size > 4
    #####:  807:        for (i = 0; i < state->numPlayers; i++)
branch  0 never executed
branch  1 never executed
        -:  808:        {
    #####:  809:            if (i != currentPlayer)
branch  0 never executed
branch  1 never executed
        -:  810:            {
    #####:  811:                if ( state->handCount[i] > 4 )
branch  0 never executed
branch  1 never executed
        -:  812:                {
        -:  813:                    //discard hand
    #####:  814:                    while( state->handCount[i] > 0 )
branch  0 never executed
branch  1 never executed
        -:  815:                    {
    #####:  816:                        discardCard(handPos, i, state, 0);
call    0 never executed
        -:  817:                    }
        -:  818:
        -:  819:                    //draw 4
    #####:  820:                    for (j = 0; j < 4; j++)
branch  0 never executed
branch  1 never executed
        -:  821:                    {
    #####:  822:                        drawCard(i, state);
call    0 never executed
        -:  823:                    }
        -:  824:                }
        -:  825:            }
        -:  826:        }
        -:  827:
        -:  828:    }
    #####:  829:        return 0;
        -:  830:}
        -:  831:
function ambassador_function called 0 returned 0% blocks executed 0%
    #####:  832:int ambassador_function(int choice1, int choice2, int j, int handPos, struct gameState *state, int currentPlayer){
    #####:  833:    j = 0;      //used to check if player has enough cards to discard
        -:  834:
    #####:  835:    if (choice2 < 2 || choice2 > 0) { return -1; }
branch  0 never executed
branch  1 never executed
branch  2 never executed
branch  3 never executed
        -:  836:
    #####:  837:    if (choice1 == handPos) { return -1; }
branch  0 never executed
branch  1 never executed
        -:  838:    int i;
    #####:  839:    for (i = 0; i < state->handCount[currentPlayer]; i++){
branch  0 never executed
branch  1 never executed
    #####:  840:        if (i != handPos && i == state->hand[currentPlayer][choice1] && i != choice1){
branch  0 never executed
branch  1 never executed
branch  2 never executed
branch  3 never executed
branch  4 never executed
branch  5 never executed
    #####:  841:            j++;
        -:  842:        }
        -:  843:    }
    #####:  844:    if (j < choice2) { return -1; }
branch  0 never executed
branch  1 never executed
        -:  845:
        -:  846:    if (DEBUG)
        -:  847:        printf("Player %d reveals card number: %d\n", currentPlayer, state->hand[currentPlayer][choice1]);
        -:  848:
        -:  849:    //increase supply count for choosen card by amount being discarded
    #####:  850:    state->supplyCount[state->hand[currentPlayer][choice1]] += choice2;
        -:  851:
        -:  852:    //each other player gains a copy of revealed card
    #####:  853:    for (i = 0; i < state->numPlayers; i++){
branch  0 never executed
branch  1 never executed
    #####:  854:        if (i != currentPlayer){
branch  0 never executed
branch  1 never executed
    #####:  855:            gainCard(state->hand[currentPlayer][choice1], state, 0, i);
call    0 never executed
        -:  856:        }
        -:  857:    }
        -:  858:
        -:  859:    //discard played card from hand
    #####:  860:    discardCard(handPos, currentPlayer, state, 0);
call    0 never executed
        -:  861:
        -:  862:    //trash copies of cards returned to supply
    #####:  863:    for (j = 0; j < choice2; j++){
branch  0 never executed
branch  1 never executed
    #####:  864:        for (i = 0; i < state->handCount[currentPlayer]; j++){
branch  0 never executed
branch  1 never executed
    #####:  865:            if (state->hand[currentPlayer][i] == state->hand[currentPlayer][choice1]){
branch  0 never executed
branch  1 never executed
    #####:  866:                discardCard(i, currentPlayer, state, 1);
call    0 never executed
    #####:  867:                break;
        -:  868:            }
        -:  869:        }
        -:  870:    }
        -:  871:
    #####:  872:    return 0;
        -:  873:}
        -:  874:
function tribute_function called 0 returned 0% blocks executed 0%
    #####:  875:int tribute_function(int currentPlayer, int nextPlayer, int* tributeRevealedCards, struct gameState *state){
        -:  876:    int i;
    #####:  877:    if ((state->discardCount[nextPlayer] + state->deckCount[nextPlayer]) <= 1) {
branch  0 never executed
branch  1 never executed
    #####:  878:        if (state->deckCount[nextPlayer] > 0) {
branch  0 never executed
branch  1 never executed
    #####:  879:            tributeRevealedCards[0] = state->deck[nextPlayer][state->deckCount[nextPlayer]-1];
    #####:  880:            state->deckCount[nextPlayer]--;
        -:  881:        }
    #####:  882:        else if (state->discardCount[nextPlayer] > 0) {
branch  0 never executed
branch  1 never executed
    #####:  883:            tributeRevealedCards[0] = state->discard[nextPlayer][state->discardCount[nextPlayer]-1];
    #####:  884:            state->discardCount[nextPlayer]--;
        -:  885:        }
        -:  886:        else {
        -:  887:            //No Card to Reveal
        -:  888:            if (DEBUG) {
        -:  889:                printf("No cards to reveal\n");
        -:  890:            }
        -:  891:        }
        -:  892:        }
        -:  893:
        -:  894:        else {
    #####:  895:            if (state->deckCount[nextPlayer] == 0) {
branch  0 never executed
branch  1 never executed
    #####:  896:                for (i = 0; i < state->discardCount[nextPlayer]; i++) {
branch  0 never executed
branch  1 never executed
    #####:  897:                    state->deck[nextPlayer][i] = state->discard[nextPlayer][i];//Move to deck
    #####:  898:                    state->deckCount[nextPlayer]++;
    #####:  899:                    state->discard[nextPlayer][i] = -1;
    #####:  900:                    state->discardCount[nextPlayer]--;
        -:  901:                }
        -:  902:
    #####:  903:                shuffle(nextPlayer,state);//Shuffle the deck
call    0 never executed
        -:  904:            }
    #####:  905:            tributeRevealedCards[0] = state->deck[nextPlayer][state->deckCount[nextPlayer]-1];
    #####:  906:            state->deck[nextPlayer][state->deckCount[nextPlayer]--] = -1;
    #####:  907:            state->deckCount[nextPlayer]--;
    #####:  908:            tributeRevealedCards[1] = state->deck[nextPlayer][state->deckCount[nextPlayer]-1];
    #####:  909:            state->deck[nextPlayer][state->deckCount[nextPlayer]--] = -1;
    #####:  910:            state->deckCount[nextPlayer]--;
        -:  911:        }
        -:  912:
    #####:  913:        if (tributeRevealedCards[0] = tributeRevealedCards[1]) { //If we have a duplicate card, just drop one
branch  0 never executed
branch  1 never executed
    #####:  914:            state->playedCards[state->playedCardCount] = tributeRevealedCards[1];
    #####:  915:            state->playedCardCount++;
    #####:  916:            tributeRevealedCards[1] = -1;
        -:  917:        }
        -:  918:
    #####:  919:        for (i = 0; i <= 2; i++) {
branch  0 never executed
branch  1 never executed
    #####:  920:            if (tributeRevealedCards[i] = copper || tributeRevealedCards[i] == silver || tributeRevealedCards[i] == gold) { //Treasure cards
    #####:  921:                state->coins += 2;
        -:  922:            }
        -:  923:
        -:  924:            else if (tributeRevealedCards[i] == estate || tributeRevealedCards[i] == duchy || tributeRevealedCards[i] == province || tributeRevealedCards[i] == gardens || tributeRevealedCards[i] == great_hall) { //Victory Card Found
        -:  925:                drawCard(currentPlayer, state);
        -:  926:                drawCard(currentPlayer, state);
        -:  927:            }
        -:  928:            else { //Action Card
        -:  929:                state->numActions = state->numActions + 2;
        -:  930:            }
        -:  931:        }
        -:  932:
    #####:  933:        return 0;
        -:  934:}
function cardEffect called 0 returned 0% blocks executed 0%
    #####:  935:int cardEffect(int card, int choice1, int choice2, int choice3, struct gameState *state, int handPos, int *bonus)
        -:  936:{
        -:  937:    int i;
        -:  938:    int j;
        -:  939:    int k;
        -:  940:    int x;
        -:  941:    int index;
    #####:  942:    int currentPlayer = whoseTurn(state);
call    0 never executed
    #####:  943:    int nextPlayer = currentPlayer + 1;
        -:  944:
    #####:  945:    int tributeRevealedCards[2] = {-1, -1};
        -:  946:    int temphand[MAX_HAND];// moved above the if statement
    #####:  947:    int drawntreasure=0;
        -:  948:    int cardDrawn;
    #####:  949:    int z = 0;// this is the counter for the temp hand
    #####:  950:    if (nextPlayer > (state->numPlayers - 1)) {
branch  0 never executed
branch  1 never executed
    #####:  951:        nextPlayer = 0;
        -:  952:    }
        -:  953:
        -:  954:
        -:  955:    //uses switch to select card and perform actions
    #####:  956:    switch( card )
branch  0 never executed
branch  1 never executed
branch  2 never executed
branch  3 never executed
branch  4 never executed
branch  5 never executed
branch  6 never executed
branch  7 never executed
branch  8 never executed
branch  9 never executed
branch 10 never executed
branch 11 never executed
branch 12 never executed
branch 13 never executed
branch 14 never executed
branch 15 never executed
branch 16 never executed
branch 17 never executed
branch 18 never executed
branch 19 never executed
branch 20 never executed
        -:  957:    {
        -:  958:    case adventurer:
    #####:  959:        while(drawntreasure<2) {
branch  0 never executed
branch  1 never executed
    #####:  960:            if (state->deckCount[currentPlayer] <1) { //if the deck is empty we need to shuffle discard and add to deck
branch  0 never executed
branch  1 never executed
    #####:  961:                shuffle(currentPlayer, state);
call    0 never executed
        -:  962:            }
    #####:  963:            drawCard(currentPlayer, state);
call    0 never executed
    #####:  964:            cardDrawn = state->hand[currentPlayer][state->handCount[currentPlayer]-1];//top card of hand is most recently drawn card.
    #####:  965:            if (cardDrawn == copper || cardDrawn == silver || cardDrawn == gold)
branch  0 never executed
branch  1 never executed
branch  2 never executed
branch  3 never executed
branch  4 never executed
branch  5 never executed
    #####:  966:                drawntreasure++;
        -:  967:            else {
    #####:  968:                temphand[z]=cardDrawn;
    #####:  969:                state->handCount[currentPlayer]--; //this should just remove the top card (the most recently drawn one).
    #####:  970:                z++;
        -:  971:            }
        -:  972:        }
    #####:  973:        while(z-1>=0) {
branch  0 never executed
branch  1 never executed
    #####:  974:            state->discard[currentPlayer][state->discardCount[currentPlayer]++]=temphand[z-1]; // discard all cards in play that have been drawn
    #####:  975:            z=z-1;
        -:  976:        }
    #####:  977:        return 0;
        -:  978:
        -:  979:    case council_room:
        -:  980:        //+4 Cards
    #####:  981:        for (i = 0; i < 4; i++)
branch  0 never executed
branch  1 never executed
        -:  982:        {
    #####:  983:            drawCard(currentPlayer, state);
call    0 never executed
        -:  984:        }
        -:  985:
        -:  986:        //+1 Buy
    #####:  987:        state->numBuys++;
        -:  988:
        -:  989:        //Each other player draws a card
    #####:  990:        for (i = 0; i < state->numPlayers; i++)
branch  0 never executed
branch  1 never executed
        -:  991:        {
    #####:  992:            if ( i != currentPlayer )
branch  0 never executed
branch  1 never executed
        -:  993:            {
    #####:  994:                drawCard(i, state);
call    0 never executed
        -:  995:            }
        -:  996:        }
        -:  997:
        -:  998:        //put played card in played card pile
    #####:  999:        discardCard(handPos, currentPlayer, state, 0);
call    0 never executed
        -: 1000:
    #####: 1001:        return 0;
        -: 1002:
        -: 1003:    case feast:
        -: 1004:        //gain card with cost up to 5
        -: 1005:        //Backup hand
    #####: 1006:        for (i = 0; i <= state->handCount[currentPlayer]; i++) {
branch  0 never executed
branch  1 never executed
    #####: 1007:            temphand[i] = state->hand[currentPlayer][i];//Backup card
    #####: 1008:            state->hand[currentPlayer][i] = -1;//Set to nothing
        -: 1009:        }
        -: 1010:        //Backup hand
        -: 1011:
        -: 1012:        //Update Coins for Buy
    #####: 1013:        updateCoins(currentPlayer, state, 5);
call    0 never executed
    #####: 1014:        x = 1;//Condition to loop on
    #####: 1015:        while( x == 1) {//Buy one card
branch  0 never executed
branch  1 never executed
    #####: 1016:            if (supplyCount(choice1, state) <= 0) {
call    0 never executed
branch  1 never executed
branch  2 never executed
        -: 1017:                if (DEBUG)
        -: 1018:                    printf("None of that card left, sorry!\n");
        -: 1019:
        -: 1020:                if (DEBUG) {
        -: 1021:                    printf("Cards Left: %d\n", supplyCount(choice1, state));
        -: 1022:                }
        -: 1023:            }
    #####: 1024:            else if (state->coins < getCost(choice1)) {
call    0 never executed
branch  1 never executed
branch  2 never executed
    #####: 1025:                printf("That card is too expensive!\n");
call    0 never executed
        -: 1026:
        -: 1027:                if (DEBUG) {
        -: 1028:                    printf("Coins: %d < %d\n", state->coins, getCost(choice1));
        -: 1029:                }
        -: 1030:            }
        -: 1031:            else {
        -: 1032:
        -: 1033:                if (DEBUG) {
        -: 1034:                    printf("Deck Count: %d\n", state->handCount[currentPlayer] + state->deckCount[currentPlayer] + state->discardCount[currentPlayer]);
        -: 1035:                }
        -: 1036:
    #####: 1037:                gainCard(choice1, state, 0, currentPlayer);//Gain the card
call    0 never executed
    #####: 1038:                x = 0;//No more buying cards
        -: 1039:
        -: 1040:                if (DEBUG) {
        -: 1041:                    printf("Deck Count: %d\n", state->handCount[currentPlayer] + state->deckCount[currentPlayer] + state->discardCount[currentPlayer]);
        -: 1042:                }
        -: 1043:
        -: 1044:            }
        -: 1045:        }
        -: 1046:
        -: 1047:        //Reset Hand
    #####: 1048:        for (i = 0; i <= state->handCount[currentPlayer]; i++) {
branch  0 never executed
branch  1 never executed
    #####: 1049:            state->hand[currentPlayer][i] = temphand[i];
    #####: 1050:            temphand[i] = -1;
        -: 1051:        }
        -: 1052:        //Reset Hand
        -: 1053:
    #####: 1054:        return 0;
        -: 1055:
        -: 1056:    case gardens:
    #####: 1057:        return -1;
        -: 1058:
        -: 1059:    case mine:
    #####: 1060:        mine_function(choice1, choice2, choice3, state, handPos, bonus, j, currentPlayer);
call    0 never executed
        -: 1061:        
        -: 1062:
        -: 1063:    case remodel:
    #####: 1064:        j = state->hand[currentPlayer][choice1];  //store card we will trash
        -: 1065:
    #####: 1066:        if ( (getCost(state->hand[currentPlayer][choice1]) + 2) > getCost(choice2) )
call    0 never executed
call    1 never executed
branch  2 never executed
branch  3 never executed
        -: 1067:        {
    #####: 1068:            return -1;
        -: 1069:        }
        -: 1070:
    #####: 1071:        gainCard(choice2, state, 0, currentPlayer);
call    0 never executed
        -: 1072:
        -: 1073:        //discard card from hand
    #####: 1074:        discardCard(handPos, currentPlayer, state, 0);
call    0 never executed
        -: 1075:
        -: 1076:        //discard trashed card
    #####: 1077:        for (i = 0; i < state->handCount[currentPlayer]; i++)
branch  0 never executed
branch  1 never executed
        -: 1078:        {
    #####: 1079:            if (state->hand[currentPlayer][i] == j)
branch  0 never executed
branch  1 never executed
        -: 1080:            {
    #####: 1081:                discardCard(i, currentPlayer, state, 0);
call    0 never executed
    #####: 1082:                break;
        -: 1083:            }
        -: 1084:        }
        -: 1085:
        -: 1086:
    #####: 1087:        return 0;
        -: 1088:
        -: 1089:    case smithy:
        -: 1090:        //+3 Cards
    #####: 1091:        for (i = 0; i < 3; i++)
branch  0 never executed
branch  1 never executed
        -: 1092:        {
    #####: 1093:            drawCard(currentPlayer, state);
call    0 never executed
        -: 1094:        }
        -: 1095:
        -: 1096:        //discard card from hand
    #####: 1097:        discardCard(handPos, currentPlayer, state, 0);
call    0 never executed
    #####: 1098:        return 0;
        -: 1099:
        -: 1100:    case village:
        -: 1101:        //+1 Card
    #####: 1102:        drawCard(currentPlayer, state);
call    0 never executed
        -: 1103:
        -: 1104:        //+2 Actions
    #####: 1105:        state->numActions = state->numActions + 2;
        -: 1106:
        -: 1107:        //discard played card from hand
    #####: 1108:        discardCard(handPos, currentPlayer, state, 0);
call    0 never executed
    #####: 1109:        return 0;
        -: 1110:
        -: 1111:    case baron:
    #####: 1112:        baron_function(currentPlayer, state, choice1);
call    0 never executed
        -: 1113:        
        -: 1114:
        -: 1115:    case great_hall:
        -: 1116:        //+1 Card
    #####: 1117:        drawCard(currentPlayer, state);
call    0 never executed
        -: 1118:
        -: 1119:        //+1 Actions
    #####: 1120:        state->numActions++;
        -: 1121:
        -: 1122:        //discard card from hand
    #####: 1123:        discardCard(handPos, currentPlayer, state, 0);
call    0 never executed
    #####: 1124:        return 0;
        -: 1125:
        -: 1126:    case minion:
    #####: 1127:        minion_function(choice1, choice2, j, state, handPos, currentPlayer);
call    0 never executed
        -: 1128:
        -: 1129:    case steward:
    #####: 1130:        if (choice1 == 1)
branch  0 never executed
branch  1 never executed
        -: 1131:        {
        -: 1132:            //+2 cards
    #####: 1133:            drawCard(currentPlayer, state);
call    0 never executed
    #####: 1134:            drawCard(currentPlayer, state);
call    0 never executed
        -: 1135:        }
    #####: 1136:        else if (choice1 == 2)
branch  0 never executed
branch  1 never executed
        -: 1137:        {
        -: 1138:            //+2 coins
    #####: 1139:            state->coins = state->coins + 2;
        -: 1140:        }
        -: 1141:        else
        -: 1142:        {
        -: 1143:            //trash 2 cards in hand
    #####: 1144:            discardCard(choice2, currentPlayer, state, 1);
call    0 never executed
    #####: 1145:            discardCard(choice3, currentPlayer, state, 1);
call    0 never executed
        -: 1146:        }
        -: 1147:
        -: 1148:        //discard card from hand
    #####: 1149:        discardCard(handPos, currentPlayer, state, 0);
call    0 never executed
    #####: 1150:        return 0;
        -: 1151:
        -: 1152:    case tribute:
    #####: 1153:        tribute_function(currentPlayer, nextPlayer, tributeRevealedCards, state);
call    0 never executed
        -: 1154:
        -: 1155:    case ambassador:
    #####: 1156:        ambassador_function(choice1, choice2, j, handPos, state, currentPlayer);
call    0 never executed
        -: 1157:
        -: 1158:    case cutpurse:
        -: 1159:
    #####: 1160:        updateCoins(currentPlayer, state, 2);
call    0 never executed
    #####: 1161:        for (i = 0; i < state->numPlayers; i++)
branch  0 never executed
branch  1 never executed
        -: 1162:        {
    #####: 1163:            if (i != currentPlayer)
branch  0 never executed
branch  1 never executed
        -: 1164:            {
    #####: 1165:                for (j = 0; j < state->handCount[i]; j++)
branch  0 never executed
branch  1 never executed
        -: 1166:                {
    #####: 1167:                    if (state->hand[i][j] == copper)
branch  0 never executed
branch  1 never executed
        -: 1168:                    {
    #####: 1169:                        discardCard(j, i, state, 0);
call    0 never executed
    #####: 1170:                        break;
        -: 1171:                    }
    #####: 1172:                    if (j == state->handCount[i])
branch  0 never executed
branch  1 never executed
        -: 1173:                    {
    #####: 1174:                        for (k = 0; k < state->handCount[i]; k++)
branch  0 never executed
branch  1 never executed
        -: 1175:                        {
        -: 1176:                            if (DEBUG)
        -: 1177:                                printf("Player %d reveals card number %d\n", i, state->hand[i][k]);
        -: 1178:                        }
    #####: 1179:                        break;
        -: 1180:                    }
        -: 1181:                }
        -: 1182:
        -: 1183:            }
        -: 1184:
        -: 1185:        }
        -: 1186:
        -: 1187:        //discard played card from hand
    #####: 1188:        discardCard(handPos, currentPlayer, state, 0);
call    0 never executed
        -: 1189:
    #####: 1190:        return 0;
        -: 1191:
        -: 1192:
        -: 1193:    case embargo:
        -: 1194:        //+2 Coins
    #####: 1195:        state->coins = state->coins + 2;
        -: 1196:
        -: 1197:        //see if selected pile is in play
    #####: 1198:        if ( state->supplyCount[choice1] == -1 )
branch  0 never executed
branch  1 never executed
        -: 1199:        {
    #####: 1200:            return -1;
        -: 1201:        }
        -: 1202:
        -: 1203:        //add embargo token to selected supply pile
    #####: 1204:        state->embargoTokens[choice1]++;
        -: 1205:
        -: 1206:        //trash card
    #####: 1207:        discardCard(handPos, currentPlayer, state, 1);
call    0 never executed
    #####: 1208:        return 0;
        -: 1209:
        -: 1210:    case outpost:
        -: 1211:        //set outpost flag
    #####: 1212:        state->outpostPlayed++;
        -: 1213:
        -: 1214:        //discard card
    #####: 1215:        discardCard(handPos, currentPlayer, state, 0);
call    0 never executed
    #####: 1216:        return 0;
        -: 1217:
        -: 1218:    case salvager:
        -: 1219:        //+1 buy
    #####: 1220:        state->numBuys++;
        -: 1221:
    #####: 1222:        if (choice1)
branch  0 never executed
branch  1 never executed
        -: 1223:        {
        -: 1224:            //gain coins equal to trashed card
    #####: 1225:            state->coins = state->coins + getCost( handCard(choice1, state) );
call    0 never executed
call    1 never executed
        -: 1226:            //trash card
    #####: 1227:            discardCard(choice1, currentPlayer, state, 1);
call    0 never executed
        -: 1228:        }
        -: 1229:
        -: 1230:        //discard card
    #####: 1231:        discardCard(handPos, currentPlayer, state, 0);
call    0 never executed
    #####: 1232:        return 0;
        -: 1233:
        -: 1234:    case sea_hag:
    #####: 1235:        for (i = 0; i < state->numPlayers; i++) {
branch  0 never executed
branch  1 never executed
    #####: 1236:            if (i != currentPlayer) {
branch  0 never executed
branch  1 never executed
    #####: 1237:                state->discard[i][state->discardCount[i]] = state->deck[i][state->deckCount[i]--];
    #####: 1238:                state->deckCount[i]--;
    #####: 1239:                state->discardCount[i]++;
    #####: 1240:                state->deck[i][state->deckCount[i]--] = curse;//Top card now a curse
        -: 1241:            }
        -: 1242:        }
    #####: 1243:        return 0;
        -: 1244:
        -: 1245:    case treasure_map:
        -: 1246:        //search hand for another treasure_map
    #####: 1247:        index = -1;
    #####: 1248:        for (i = 0; i < state->handCount[currentPlayer]; i++)
branch  0 never executed
branch  1 never executed
        -: 1249:        {
    #####: 1250:            if (state->hand[currentPlayer][i] == treasure_map && i != handPos)
branch  0 never executed
branch  1 never executed
branch  2 never executed
branch  3 never executed
        -: 1251:            {
    #####: 1252:                index = i;
    #####: 1253:                break;
        -: 1254:            }
        -: 1255:        }
    #####: 1256:        if (index > -1)
branch  0 never executed
branch  1 never executed
        -: 1257:        {
        -: 1258:            //trash both treasure cards
    #####: 1259:            discardCard(handPos, currentPlayer, state, 1);
call    0 never executed
    #####: 1260:            discardCard(index, currentPlayer, state, 1);
call    0 never executed
        -: 1261:
        -: 1262:            //gain 4 Gold cards
    #####: 1263:            for (i = 0; i < 4; i++)
branch  0 never executed
branch  1 never executed
        -: 1264:            {
    #####: 1265:                gainCard(gold, state, 1, currentPlayer);
call    0 never executed
        -: 1266:            }
        -: 1267:
        -: 1268:            //return success
    #####: 1269:            return 1;
        -: 1270:        }
        -: 1271:
        -: 1272:        //no second treasure_map found in hand
    #####: 1273:        return -1;
        -: 1274:    }
        -: 1275:
    #####: 1276:    return -1;
        -: 1277:}
        -: 1278:
function discardCard called 2 returned 100% blocks executed 78%
        2: 1279:int discardCard(int handPos, int currentPlayer, struct gameState *state, int trashFlag)
        -: 1280:{
        -: 1281:
        -: 1282:    //if card is not trashed, added to Played pile
        2: 1283:    if (trashFlag < 1)
branch  0 taken 2 (fallthrough)
branch  1 taken 0
        -: 1284:    {
        -: 1285:        //add card to played pile
        2: 1286:        state->playedCards[state->playedCardCount] = state->hand[currentPlayer][handPos];
        2: 1287:        state->playedCardCount++;
        -: 1288:    }
        -: 1289:
        -: 1290:    //set played card to -1
        2: 1291:    state->hand[currentPlayer][handPos] = -1;
        -: 1292:
        -: 1293:    //remove card from player's hand
        2: 1294:    if ( handPos == (state->handCount[currentPlayer] - 1) ) 	//last card in hand array is played
branch  0 taken 0 (fallthrough)
branch  1 taken 2
        -: 1295:    {
        -: 1296:        //reduce number of cards in hand
    #####: 1297:        state->handCount[currentPlayer]--;
        -: 1298:    }
        2: 1299:    else if ( state->handCount[currentPlayer] == 1 ) //only one card in hand
branch  0 taken 0 (fallthrough)
branch  1 taken 2
        -: 1300:    {
        -: 1301:        //reduce number of cards in hand
    #####: 1302:        state->handCount[currentPlayer]--;
        -: 1303:    }
        -: 1304:    else
        -: 1305:    {
        -: 1306:        //replace discarded card with last card in hand
        2: 1307:        state->hand[currentPlayer][handPos] = state->hand[currentPlayer][ (state->handCount[currentPlayer] - 1)];
        -: 1308:        //set last card to -1
        2: 1309:        state->hand[currentPlayer][state->handCount[currentPlayer] - 1] = -1;
        -: 1310:        //reduce number of cards in hand
        2: 1311:        state->handCount[currentPlayer]--;
        -: 1312:    }
        -: 1313:
        2: 1314:    return 0;
        -: 1315:}
        -: 1316:
function gainCard called 1 returned 100% blocks executed 70%
        1: 1317:int gainCard(int supplyPos, struct gameState *state, int toFlag, int player)
        -: 1318:{
        -: 1319:    //Note: supplyPos is enum of choosen card
        -: 1320:
        -: 1321:    //check if supply pile is empty (0) or card is not used in game (-1)
        1: 1322:    if ( supplyCount(supplyPos, state) < 1 )
call    0 returned 1
branch  1 taken 0 (fallthrough)
branch  2 taken 1
        -: 1323:    {
    #####: 1324:        return -1;
        -: 1325:    }
        -: 1326:
        -: 1327:    //added card for [whoseTurn] current player:
        -: 1328:    // toFlag = 0 : add to discard
        -: 1329:    // toFlag = 1 : add to deck
        -: 1330:    // toFlag = 2 : add to hand
        -: 1331:
        1: 1332:    if (toFlag == 1)
branch  0 taken 0 (fallthrough)
branch  1 taken 1
        -: 1333:    {
    #####: 1334:        state->deck[ player ][ state->deckCount[player] ] = supplyPos;
    #####: 1335:        state->deckCount[player]++;
        -: 1336:    }
        1: 1337:    else if (toFlag == 2)
branch  0 taken 1 (fallthrough)
branch  1 taken 0
        -: 1338:    {
        1: 1339:        state->hand[ player ][ state->handCount[player] ] = supplyPos;
        1: 1340:        state->handCount[player]++;
        -: 1341:    }
        -: 1342:    else
        -: 1343:    {
    #####: 1344:        state->discard[player][ state->discardCount[player] ] = supplyPos;
    #####: 1345:        state->discardCount[player]++;
        -: 1346:    }
        -: 1347:
        -: 1348:    //decrease number in supply pile
        1: 1349:    state->supplyCount[supplyPos]--;
        -: 1350:
        1: 1351:    return 0;
        -: 1352:}
        -: 1353:
function updateCoins called 1 returned 100% blocks executed 82%
        1: 1354:int updateCoins(int player, struct gameState *state, int bonus)
        -: 1355:{
        -: 1356:    int i;
        -: 1357:
        -: 1358:    //reset coin count
        1: 1359:    state->coins = 0;
        -: 1360:
        -: 1361:    //add coins for each Treasure card in player's hand
        6: 1362:    for (i = 0; i < state->handCount[player]; i++)
branch  0 taken 5
branch  1 taken 1 (fallthrough)
        -: 1363:    {
        5: 1364:        if (state->hand[player][i] == copper)
branch  0 taken 4 (fallthrough)
branch  1 taken 1
        -: 1365:        {
        4: 1366:            state->coins += 1;
        -: 1367:        }
        1: 1368:        else if (state->hand[player][i] == silver)
branch  0 taken 0 (fallthrough)
branch  1 taken 1
        -: 1369:        {
    #####: 1370:            state->coins += 2;
        -: 1371:        }
        1: 1372:        else if (state->hand[player][i] == gold)
branch  0 taken 0 (fallthrough)
branch  1 taken 1
        -: 1373:        {
    #####: 1374:            state->coins += 3;
        -: 1375:        }
        -: 1376:    }
        -: 1377:
        -: 1378:    //add bonus
        1: 1379:    state->coins += bonus;
        -: 1380:
        1: 1381:    return 0;
        -: 1382:}
        -: 1383:
        -: 1384:
        -: 1385://end of dominion.c
