        -:    0:Source:unittest5.c
        -:    0:Programs:2
        -:    0:Source is newer than graph
        -:    1:#include "dominion.h"
        -:    2:#include "dominion_helpers.h"
        -:    3:#include <string.h>
        -:    4:#include <stdio.h>
        -:    5:#include <assert.h>
        -:    6:#include "rngs.h"
        -:    7:#include <stdlib.h>
        -:    8:
        -:    9:
        -:   10://this is the unit test for the ambassador function
function main called 1 returned 100% blocks executed 88%
        1:   11:int main () {
        -:   12://int tribute(int currentPlayer, int nextPlayer, int tributeRevealedCards, struct gameState *state){
        1:   13:printf("%s", "This is the test for the tribute card\n");
call    0 returned 1
        -:   14:
        -:   15:
        1:   16:int currentPlayer = 0;
        1:   17:int nextPlayer = 1;
        -:   18:int tributeRevealedCards[2];
        -:   19://setting up the test case taken from the example
        -:   20:struct gameState G, testG;
        1:   21:int numPlayers = 2;
        1:   22:int seed = 1000;
        1:   23:int k[10] = {ambassador, gold, silver, minion, mine, cutpurse,
        -:   24:			sea_hag, tribute, smithy, council_room};
        1:   25:initializeGame(numPlayers, k, seed, &G);
call    0 returned 1
        1:   26:memcpy(&testG, &G, sizeof(struct gameState));
        1:   27:testG.deck[1][5] = smithy;
        1:   28:testG.deck[1][6] = mine;
        1:   29:testG.deck[1][7] = mine;
        1:   30:testG.deck[1][8] = smithy;
        1:   31:tribute_function(currentPlayer, nextPlayer, tributeRevealedCards, &testG);
call    0 returned 1
        -:   32:
        -:   33://first test to find the first bug, which is an assignment bug, finding it requires commenting out a later for loop 
        1:   34://that has the second bug.
branch  0 taken 1 (fallthrough)
branch  1 taken 0
        1:   35:if (tributeRevealedCards[1] == -1){
call    0 returned 1
        -:   36:    printf("%s", "There is a bug in the tribute logic.\n");
        -:   37:}
    #####:   38:else {
call    0 never executed
        -:   39:    printf("%s""%d", "The check to see if the cards are the same that are revealed works.\n"), tributeRevealedCards[0];
        -:   40:
        -:   41:}
        1:   42:
        -:   43:return 0;
        -:   44:}
